2025-06-21 00:27:55.994 [main] INFO  c.s.m.discodeit.DiscodeitApplication - Starting DiscodeitApplication using Java 17.0.14 with PID 21596 (C:\myWs\3-sprint-mission\build\classes\java\main started by PC_1M in C:\myWs\3-sprint-mission)
2025-06-21 00:27:55.998 [main] INFO  c.s.m.discodeit.DiscodeitApplication - The following 1 profile is active: "prod"
2025-06-21 00:27:57.253 [main] INFO  o.a.coyote.http11.Http11NioProtocol - Initializing ProtocolHandler ["http-nio-8081"]
2025-06-21 00:27:57.254 [main] INFO  o.a.catalina.core.StandardService - Starting service [Tomcat]
2025-06-21 00:27:57.255 [main] INFO  o.a.catalina.core.StandardEngine - Starting Servlet engine: [Apache Tomcat/10.1.39]
2025-06-21 00:27:57.320 [main] INFO  o.a.c.c.C.[Tomcat].[localhost].[/] - Initializing Spring embedded WebApplicationContext
2025-06-21 00:27:57.874 [main] WARN  org.hibernate.orm.deprecation - HHH90000025: PostgreSQLDialect does not need to be specified explicitly using 'hibernate.dialect' (remove the property setting and it will be selected by default)
2025-06-21 00:27:59.782 [main] INFO  o.a.coyote.http11.Http11NioProtocol - Starting ProtocolHandler ["http-nio-8081"]
2025-06-21 00:27:59.811 [main] INFO  c.s.m.discodeit.DiscodeitApplication - Started DiscodeitApplication in 4.298 seconds (process running for 4.682)
2025-06-21 00:28:00.113 [http-nio-8081-exec-1] INFO  o.a.c.c.C.[Tomcat].[localhost].[/] - Initializing Spring DispatcherServlet 'dispatcherServlet'
2025-06-21 00:29:22.579 [http-nio-8081-exec-6] INFO  c.s.m.discodeit.config.LoggingAspect - [Controller] AuthController#login 시작 - args=[LoginRequest[username=null, password=null]]
2025-06-21 00:29:22.584 [http-nio-8081-exec-6] INFO  c.s.m.discodeit.config.LoggingAspect - [Service] BasicAuthService#login 시작 - args=[LoginRequest[username=null, password=null]]
2025-06-21 00:29:22.585 [http-nio-8081-exec-6] INFO  c.s.m.d.s.basic.BasicAuthService - [로그인] 요청: LoginRequest[username=null, password=null]
2025-06-21 00:29:22.669 [http-nio-8081-exec-6] WARN  c.s.m.d.s.basic.BasicAuthService - [로그인 실패] 존재하지 않는 사용자: null
2025-06-21 00:29:22.671 [http-nio-8081-exec-6] ERROR c.s.m.discodeit.config.LoggingAspect - [Service] BasicAuthService#login 예외 발생 - 86ms - NoSuchElementException: 해당 user을(를) 찾을 수 없습니다!
2025-06-21 00:29:22.676 [http-nio-8081-exec-6] ERROR c.s.m.discodeit.config.LoggingAspect - [Controller] AuthController#login 예외 발생 - 97ms - NoSuchElementException: 해당 user을(를) 찾을 수 없습니다!
2025-06-21 01:14:53.088 [main] INFO  c.s.m.discodeit.DiscodeitApplication - Starting DiscodeitApplication using Java 17.0.14 with PID 25100 (C:\myWs\3-sprint-mission\build\classes\java\main started by PC_1M in C:\myWs\3-sprint-mission)
2025-06-21 01:14:53.090 [main] INFO  c.s.m.discodeit.DiscodeitApplication - The following 1 profile is active: "prod"
2025-06-21 01:14:54.297 [main] INFO  o.a.coyote.http11.Http11NioProtocol - Initializing ProtocolHandler ["http-nio-80"]
2025-06-21 01:14:54.298 [main] INFO  o.a.catalina.core.StandardService - Starting service [Tomcat]
2025-06-21 01:14:54.298 [main] INFO  o.a.catalina.core.StandardEngine - Starting Servlet engine: [Apache Tomcat/10.1.39]
2025-06-21 01:14:54.336 [main] INFO  o.a.c.c.C.[Tomcat].[localhost].[/] - Initializing Spring embedded WebApplicationContext
2025-06-21 01:14:56.410 [main] WARN  o.s.b.a.o.j.JpaBaseConfiguration$JpaWebConfiguration - spring.jpa.open-in-view is enabled by default. Therefore, database queries may be performed during view rendering. Explicitly configure spring.jpa.open-in-view to disable this warning
2025-06-21 01:14:56.916 [main] INFO  o.a.coyote.http11.Http11NioProtocol - Starting ProtocolHandler ["http-nio-80"]
2025-06-21 01:14:56.933 [main] INFO  c.s.m.discodeit.DiscodeitApplication - Started DiscodeitApplication in 4.337 seconds (process running for 4.715)
2025-06-21 01:18:00.442 [main] INFO  c.s.m.discodeit.DiscodeitApplication - Starting DiscodeitApplication using Java 17.0.14 with PID 23604 (C:\myWs\3-sprint-mission\build\classes\java\main started by PC_1M in C:\myWs\3-sprint-mission)
2025-06-21 01:18:00.443 [main] INFO  c.s.m.discodeit.DiscodeitApplication - The following 1 profile is active: "prod"
2025-06-21 01:18:01.720 [main] INFO  o.a.coyote.http11.Http11NioProtocol - Initializing ProtocolHandler ["http-nio-80"]
2025-06-21 01:18:01.723 [main] INFO  o.a.catalina.core.StandardService - Starting service [Tomcat]
2025-06-21 01:18:01.723 [main] INFO  o.a.catalina.core.StandardEngine - Starting Servlet engine: [Apache Tomcat/10.1.39]
2025-06-21 01:18:01.765 [main] INFO  o.a.c.c.C.[Tomcat].[localhost].[/] - Initializing Spring embedded WebApplicationContext
2025-06-21 01:18:03.728 [main] WARN  o.s.b.a.o.j.JpaBaseConfiguration$JpaWebConfiguration - spring.jpa.open-in-view is enabled by default. Therefore, database queries may be performed during view rendering. Explicitly configure spring.jpa.open-in-view to disable this warning
2025-06-21 01:18:04.249 [main] INFO  o.a.coyote.http11.Http11NioProtocol - Starting ProtocolHandler ["http-nio-80"]
2025-06-21 01:18:04.271 [main] INFO  c.s.m.discodeit.DiscodeitApplication - Started DiscodeitApplication in 4.363 seconds (process running for 4.769)
2025-06-21 01:19:27.831 [main] INFO  c.s.m.discodeit.DiscodeitApplication - Starting DiscodeitApplication using Java 17.0.14 with PID 22984 (C:\myWs\3-sprint-mission\build\classes\java\main started by PC_1M in C:\myWs\3-sprint-mission)
2025-06-21 01:19:27.832 [main] INFO  c.s.m.discodeit.DiscodeitApplication - The following 1 profile is active: "prod"
2025-06-21 01:19:28.999 [main] INFO  o.a.coyote.http11.Http11NioProtocol - Initializing ProtocolHandler ["http-nio-80"]
2025-06-21 01:19:29.002 [main] INFO  o.a.catalina.core.StandardService - Starting service [Tomcat]
2025-06-21 01:19:29.002 [main] INFO  o.a.catalina.core.StandardEngine - Starting Servlet engine: [Apache Tomcat/10.1.39]
2025-06-21 01:19:29.039 [main] INFO  o.a.c.c.C.[Tomcat].[localhost].[/] - Initializing Spring embedded WebApplicationContext
2025-06-21 01:19:31.478 [main] INFO  o.a.coyote.http11.Http11NioProtocol - Starting ProtocolHandler ["http-nio-80"]
2025-06-21 01:19:31.509 [main] INFO  c.s.m.discodeit.DiscodeitApplication - Started DiscodeitApplication in 4.093 seconds (process running for 4.566)
2025-06-21 01:20:32.454 [http-nio-80-exec-1] INFO  o.a.c.c.C.[Tomcat].[localhost].[/] - Initializing Spring DispatcherServlet 'dispatcherServlet'
2025-06-21 01:20:47.469 [http-nio-80-exec-9] INFO  c.s.m.discodeit.config.LoggingAspect - [Controller] AuthController#login 시작 - args=[LoginRequest[username=null, password=null]]
2025-06-21 01:20:47.476 [http-nio-80-exec-9] INFO  c.s.m.discodeit.config.LoggingAspect - [Service] BasicAuthService#login 시작 - args=[LoginRequest[username=null, password=null]]
2025-06-21 01:20:47.477 [http-nio-80-exec-9] INFO  c.s.m.d.s.basic.BasicAuthService - [로그인] 요청: LoginRequest[username=null, password=null]
2025-06-21 01:20:47.548 [http-nio-80-exec-9] WARN  c.s.m.d.s.basic.BasicAuthService - [로그인 실패] 존재하지 않는 사용자: null
2025-06-21 01:20:47.549 [http-nio-80-exec-9] ERROR c.s.m.discodeit.config.LoggingAspect - [Service] BasicAuthService#login 예외 발생 - 72ms - NullPointerException: null
2025-06-21 01:20:47.552 [http-nio-80-exec-9] ERROR c.s.m.discodeit.config.LoggingAspect - [Controller] AuthController#login 예외 발생 - 82ms - NullPointerException: null
